0 info it worked if it ends with ok
1 verbose cli [ '/Users/robertgorowsky/.nvm/versions/node/v6.9.2/bin/node',
1 verbose cli   '/Users/robertgorowsky/.nvm/versions/node/v6.9.2/bin/npm',
1 verbose cli   'install',
1 verbose cli   'bufferutil',
1 verbose cli   '--build-from-resource' ]
2 info using npm@3.10.9
3 info using node@v6.9.2
4 silly loadCurrentTree Starting
5 silly install loadCurrentTree
6 silly install readLocalPackageData
7 silly fetchPackageMetaData bufferutil
8 silly fetchNamedPackageData bufferutil
9 silly mapToRegistry name bufferutil
10 silly mapToRegistry using default registry
11 silly mapToRegistry registry https://npm-proxy.fury.io/N58zl-wlMYKV2el18OhAOqjkeKNvMYk/sportngin/
12 silly mapToRegistry data Result {
12 silly mapToRegistry   raw: 'bufferutil',
12 silly mapToRegistry   scope: null,
12 silly mapToRegistry   escapedName: 'bufferutil',
12 silly mapToRegistry   name: 'bufferutil',
12 silly mapToRegistry   rawSpec: '',
12 silly mapToRegistry   spec: 'latest',
12 silly mapToRegistry   type: 'tag' }
13 silly mapToRegistry uri https://npm-proxy.fury.io/N58zl-wlMYKV2el18OhAOqjkeKNvMYk/sportngin/bufferutil
14 verbose request uri https://npm-proxy.fury.io/N58zl-wlMYKV2el18OhAOqjkeKNvMYk/sportngin/bufferutil
15 verbose request no auth needed
16 info attempt registry request try #1 at 11:49:23 PM
17 verbose request id ceb8e631d92ca303
18 verbose etag W/"9b14f7d122f2cbc8c99827510e51150d"
19 verbose lastModified Wed, 13 Oct 2021 17:05:49 GMT
20 http request GET https://npm-proxy.fury.io/N58zl-wlMYKV2el18OhAOqjkeKNvMYk/sportngin/bufferutil
21 http 304 https://npm-proxy.fury.io/N58zl-wlMYKV2el18OhAOqjkeKNvMYk/sportngin/bufferutil
22 verbose headers { 'content-length': '0',
22 verbose headers   connection: 'keep-alive',
22 verbose headers   age: '94',
22 verbose headers   'cache-control': 'public, max-age=300',
22 verbose headers   'cf-cache-status': 'HIT',
22 verbose headers   'cf-ray': '6a38d16cdaa5e0fe-IAD',
22 verbose headers   date: 'Mon, 25 Oct 2021 04:49:23 GMT',
22 verbose headers   etag: '"9b14f7d122f2cbc8c99827510e51150d"',
22 verbose headers   'expect-ct': 'max-age=604800, report-uri="https://report-uri.cloudflare.com/cdn-cgi/beacon/expect-ct"',
22 verbose headers   'last-modified': 'Wed, 13 Oct 2021 17:05:49 GMT',
22 verbose headers   server: 'cloudflare',
22 verbose headers   vary: 'Accept-Encoding',
22 verbose headers   'x-amz-replication-status': 'COMPLETED',
22 verbose headers   via: '1.1 vegur' }
23 silly get cb [ 304,
23 silly get   { 'content-length': '0',
23 silly get     connection: 'keep-alive',
23 silly get     age: '94',
23 silly get     'cache-control': 'public, max-age=300',
23 silly get     'cf-cache-status': 'HIT',
23 silly get     'cf-ray': '6a38d16cdaa5e0fe-IAD',
23 silly get     date: 'Mon, 25 Oct 2021 04:49:23 GMT',
23 silly get     etag: '"9b14f7d122f2cbc8c99827510e51150d"',
23 silly get     'expect-ct': 'max-age=604800, report-uri="https://report-uri.cloudflare.com/cdn-cgi/beacon/expect-ct"',
23 silly get     'last-modified': 'Wed, 13 Oct 2021 17:05:49 GMT',
23 silly get     server: 'cloudflare',
23 silly get     vary: 'Accept-Encoding',
23 silly get     'x-amz-replication-status': 'COMPLETED',
23 silly get     via: '1.1 vegur' } ]
24 verbose etag https://npm-proxy.fury.io/N58zl-wlMYKV2el18OhAOqjkeKNvMYk/sportngin/bufferutil from cache
25 verbose get saving bufferutil to /Users/robertgorowsky/.npm/npm-proxy.fury.io/N58zl-wlMYKV2el18OhAOqjkeKNvMYk/sportngin/bufferutil/.cache.json
26 verbose correctMkdir /Users/robertgorowsky/.npm correctMkdir not in flight; initializing
27 silly install normalizeTree
28 silly loadCurrentTree Finishing
29 silly loadIdealTree Starting
30 silly install loadIdealTree
31 silly cloneCurrentTree Starting
32 silly install cloneCurrentTreeToIdealTree
33 silly cloneCurrentTree Finishing
34 silly loadShrinkwrap Starting
35 silly install loadShrinkwrap
36 silly loadShrinkwrap Finishing
37 silly loadAllDepsIntoIdealTree Starting
38 silly install loadAllDepsIntoIdealTree
39 silly resolveWithNewModule bufferutil@4.0.5 checking installable status
40 silly cache add args [ 'bufferutil', null ]
41 verbose cache add spec bufferutil
42 silly cache add parsed spec Result {
42 silly cache add   raw: 'bufferutil',
42 silly cache add   scope: null,
42 silly cache add   escapedName: 'bufferutil',
42 silly cache add   name: 'bufferutil',
42 silly cache add   rawSpec: '',
42 silly cache add   spec: 'latest',
42 silly cache add   type: 'tag' }
43 silly addNamed bufferutil@latest
44 verbose addNamed "latest" is being treated as a dist-tag for bufferutil
45 info addNameTag [ 'bufferutil', 'latest' ]
46 silly mapToRegistry name bufferutil
47 silly mapToRegistry using default registry
48 silly mapToRegistry registry https://npm-proxy.fury.io/N58zl-wlMYKV2el18OhAOqjkeKNvMYk/sportngin/
49 silly mapToRegistry data Result {
49 silly mapToRegistry   raw: 'bufferutil',
49 silly mapToRegistry   scope: null,
49 silly mapToRegistry   escapedName: 'bufferutil',
49 silly mapToRegistry   name: 'bufferutil',
49 silly mapToRegistry   rawSpec: '',
49 silly mapToRegistry   spec: 'latest',
49 silly mapToRegistry   type: 'tag' }
50 silly mapToRegistry uri https://npm-proxy.fury.io/N58zl-wlMYKV2el18OhAOqjkeKNvMYk/sportngin/bufferutil
51 verbose addNameTag registry:https://npm-proxy.fury.io/N58zl-wlMYKV2el18OhAOqjkeKNvMYk/sportngin/bufferutil not in flight; fetching
52 verbose get https://npm-proxy.fury.io/N58zl-wlMYKV2el18OhAOqjkeKNvMYk/sportngin/bufferutil not expired, no request
53 silly addNameTag next cb for bufferutil with tag latest
54 silly addNamed bufferutil@4.0.5
55 verbose addNamed "4.0.5" is a plain semver version for bufferutil
56 silly cache afterAdd bufferutil@4.0.5
57 verbose afterAdd /Users/robertgorowsky/.npm/bufferutil/4.0.5/package/package.json not in flight; writing
58 verbose correctMkdir /Users/robertgorowsky/.npm correctMkdir not in flight; initializing
59 verbose afterAdd /Users/robertgorowsky/.npm/bufferutil/4.0.5/package/package.json written
60 silly fetchNamedPackageData node-gyp-build
61 silly mapToRegistry name node-gyp-build
62 silly mapToRegistry using default registry
63 silly mapToRegistry registry https://npm-proxy.fury.io/N58zl-wlMYKV2el18OhAOqjkeKNvMYk/sportngin/
64 silly mapToRegistry data Result {
64 silly mapToRegistry   raw: 'node-gyp-build',
64 silly mapToRegistry   scope: null,
64 silly mapToRegistry   escapedName: 'node-gyp-build',
64 silly mapToRegistry   name: 'node-gyp-build',
64 silly mapToRegistry   rawSpec: '',
64 silly mapToRegistry   spec: 'latest',
64 silly mapToRegistry   type: 'tag' }
65 silly mapToRegistry uri https://npm-proxy.fury.io/N58zl-wlMYKV2el18OhAOqjkeKNvMYk/sportngin/node-gyp-build
66 verbose request uri https://npm-proxy.fury.io/N58zl-wlMYKV2el18OhAOqjkeKNvMYk/sportngin/node-gyp-build
67 verbose request no auth needed
68 info attempt registry request try #1 at 11:49:24 PM
69 verbose etag W/"daf8a7b86c6a5362d482aead87e34a08"
70 verbose lastModified Sun, 12 Sep 2021 08:50:13 GMT
71 http request GET https://npm-proxy.fury.io/N58zl-wlMYKV2el18OhAOqjkeKNvMYk/sportngin/node-gyp-build
72 http 304 https://npm-proxy.fury.io/N58zl-wlMYKV2el18OhAOqjkeKNvMYk/sportngin/node-gyp-build
73 verbose headers { 'content-length': '0',
73 verbose headers   connection: 'keep-alive',
73 verbose headers   'cache-control': 'public, max-age=300',
73 verbose headers   'cf-cache-status': 'REVALIDATED',
73 verbose headers   'cf-ray': '6a38d16dcb77e0fe-IAD',
73 verbose headers   date: 'Mon, 25 Oct 2021 04:49:24 GMT',
73 verbose headers   etag: '"daf8a7b86c6a5362d482aead87e34a08"',
73 verbose headers   'expect-ct': 'max-age=604800, report-uri="https://report-uri.cloudflare.com/cdn-cgi/beacon/expect-ct"',
73 verbose headers   'last-modified': 'Sun, 12 Sep 2021 08:50:13 GMT',
73 verbose headers   server: 'cloudflare',
73 verbose headers   vary: 'Accept-Encoding',
73 verbose headers   'x-amz-replication-status': 'COMPLETED',
73 verbose headers   via: '1.1 vegur' }
74 silly get cb [ 304,
74 silly get   { 'content-length': '0',
74 silly get     connection: 'keep-alive',
74 silly get     'cache-control': 'public, max-age=300',
74 silly get     'cf-cache-status': 'REVALIDATED',
74 silly get     'cf-ray': '6a38d16dcb77e0fe-IAD',
74 silly get     date: 'Mon, 25 Oct 2021 04:49:24 GMT',
74 silly get     etag: '"daf8a7b86c6a5362d482aead87e34a08"',
74 silly get     'expect-ct': 'max-age=604800, report-uri="https://report-uri.cloudflare.com/cdn-cgi/beacon/expect-ct"',
74 silly get     'last-modified': 'Sun, 12 Sep 2021 08:50:13 GMT',
74 silly get     server: 'cloudflare',
74 silly get     vary: 'Accept-Encoding',
74 silly get     'x-amz-replication-status': 'COMPLETED',
74 silly get     via: '1.1 vegur' } ]
75 verbose etag https://npm-proxy.fury.io/N58zl-wlMYKV2el18OhAOqjkeKNvMYk/sportngin/node-gyp-build from cache
76 verbose get saving node-gyp-build to /Users/robertgorowsky/.npm/npm-proxy.fury.io/N58zl-wlMYKV2el18OhAOqjkeKNvMYk/sportngin/node-gyp-build/.cache.json
77 verbose correctMkdir /Users/robertgorowsky/.npm correctMkdir not in flight; initializing
78 silly resolveWithNewModule node-gyp-build@4.3.0 checking installable status
79 silly cache add args [ 'node-gyp-build@^4.3.0', null ]
80 verbose cache add spec node-gyp-build@^4.3.0
81 silly cache add parsed spec Result {
81 silly cache add   raw: 'node-gyp-build@^4.3.0',
81 silly cache add   scope: null,
81 silly cache add   escapedName: 'node-gyp-build',
81 silly cache add   name: 'node-gyp-build',
81 silly cache add   rawSpec: '^4.3.0',
81 silly cache add   spec: '>=4.3.0 <5.0.0',
81 silly cache add   type: 'range' }
82 silly addNamed node-gyp-build@>=4.3.0 <5.0.0
83 verbose addNamed ">=4.3.0 <5.0.0" is a valid semver range for node-gyp-build
84 silly addNameRange { name: 'node-gyp-build',
84 silly addNameRange   range: '>=4.3.0 <5.0.0',
84 silly addNameRange   hasData: false }
85 silly mapToRegistry name node-gyp-build
86 silly mapToRegistry using default registry
87 silly mapToRegistry registry https://npm-proxy.fury.io/N58zl-wlMYKV2el18OhAOqjkeKNvMYk/sportngin/
88 silly mapToRegistry data Result {
88 silly mapToRegistry   raw: 'node-gyp-build',
88 silly mapToRegistry   scope: null,
88 silly mapToRegistry   escapedName: 'node-gyp-build',
88 silly mapToRegistry   name: 'node-gyp-build',
88 silly mapToRegistry   rawSpec: '',
88 silly mapToRegistry   spec: 'latest',
88 silly mapToRegistry   type: 'tag' }
89 silly mapToRegistry uri https://npm-proxy.fury.io/N58zl-wlMYKV2el18OhAOqjkeKNvMYk/sportngin/node-gyp-build
90 verbose addNameRange registry:https://npm-proxy.fury.io/N58zl-wlMYKV2el18OhAOqjkeKNvMYk/sportngin/node-gyp-build not in flight; fetching
91 verbose get https://npm-proxy.fury.io/N58zl-wlMYKV2el18OhAOqjkeKNvMYk/sportngin/node-gyp-build not expired, no request
92 silly addNameRange number 2 { name: 'node-gyp-build',
92 silly addNameRange   range: '>=4.3.0 <5.0.0',
92 silly addNameRange   hasData: true }
93 silly addNameRange versions [ 'node-gyp-build',
93 silly addNameRange   [ '1.0.0',
93 silly addNameRange     '1.0.1',
93 silly addNameRange     '1.1.0',
93 silly addNameRange     '1.1.1',
93 silly addNameRange     '2.0.0',
93 silly addNameRange     '2.0.1',
93 silly addNameRange     '2.0.2',
93 silly addNameRange     '3.0.0',
93 silly addNameRange     '3.0.1',
93 silly addNameRange     '3.1.0',
93 silly addNameRange     '3.2.0',
93 silly addNameRange     '3.2.1',
93 silly addNameRange     '3.2.2',
93 silly addNameRange     '3.3.0',
93 silly addNameRange     '3.4.0',
93 silly addNameRange     '3.5.0',
93 silly addNameRange     '3.5.1',
93 silly addNameRange     '3.6.0',
93 silly addNameRange     '3.7.0',
93 silly addNameRange     '3.8.0',
93 silly addNameRange     '4.0.0',
93 silly addNameRange     '3.9.0',
93 silly addNameRange     '4.1.0',
93 silly addNameRange     '4.1.1',
93 silly addNameRange     '4.2.0',
93 silly addNameRange     '4.2.1',
93 silly addNameRange     '4.2.2',
93 silly addNameRange     '4.2.3',
93 silly addNameRange     '4.3.0' ] ]
94 silly addNamed node-gyp-build@4.3.0
95 verbose addNamed "4.3.0" is a plain semver version for node-gyp-build
96 silly cache afterAdd node-gyp-build@4.3.0
97 verbose afterAdd /Users/robertgorowsky/.npm/node-gyp-build/4.3.0/package/package.json not in flight; writing
98 verbose correctMkdir /Users/robertgorowsky/.npm correctMkdir not in flight; initializing
99 verbose afterAdd /Users/robertgorowsky/.npm/node-gyp-build/4.3.0/package/package.json written
100 silly loadAllDepsIntoIdealTree Finishing
101 silly loadIdealTree Finishing
102 silly currentTree Pandemic_Projects
102 silly currentTree ├── @sindresorhus/is@4.2.0
102 silly currentTree ├── @szmarczak/http-timer@4.0.6
102 silly currentTree ├── @types/cacheable-request@6.0.2
102 silly currentTree ├── @types/http-cache-semantics@4.0.1
102 silly currentTree ├── @types/keyv@3.1.3
102 silly currentTree ├── @types/node@16.11.4
102 silly currentTree ├── @types/responselike@1.0.0
102 silly currentTree ├── agent-base@6.0.2
102 silly currentTree ├── cacheable-lookup@5.0.4
102 silly currentTree ├── cacheable-request@7.0.2
102 silly currentTree ├── clone-response@1.0.2
102 silly currentTree ├── commander@8.3.0
102 silly currentTree ├── debug@4.3.2
102 silly currentTree ├─┬ decompress-response@6.0.0
102 silly currentTree │ └── mimic-response@3.1.0
102 silly currentTree ├── deep-extend@0.6.0
102 silly currentTree ├── defer-to-connect@2.0.1
102 silly currentTree ├── end-of-stream@1.4.4
102 silly currentTree ├── get-stream@5.2.0
102 silly currentTree ├── got@11.8.2
102 silly currentTree ├── http-cache-semantics@4.1.0
102 silly currentTree ├── http2-wrapper@1.0.3
102 silly currentTree ├── https-proxy-agent@5.0.0
102 silly currentTree ├── ini@1.3.8
102 silly currentTree ├── json-buffer@3.0.1
102 silly currentTree ├── keyv@4.0.3
102 silly currentTree ├── latest-version@6.0.0
102 silly currentTree ├── lowercase-keys@2.0.0
102 silly currentTree ├── lru-cache@6.0.0
102 silly currentTree ├── mimic-response@1.0.1
102 silly currentTree ├── minimist@1.2.5
102 silly currentTree ├── ms@2.1.2
102 silly currentTree ├── mute-stream@0.0.8
102 silly currentTree ├── normalize-url@6.1.0
102 silly currentTree ├── once@1.4.0
102 silly currentTree ├── p-cancelable@2.1.1
102 silly currentTree ├── package-json@7.0.0
102 silly currentTree ├── pump@3.0.0
102 silly currentTree ├── quick-lru@5.1.1
102 silly currentTree ├── rc@1.2.8
102 silly currentTree ├── read@1.0.7
102 silly currentTree ├── registry-auth-token@4.2.1
102 silly currentTree ├── registry-url@5.1.0
102 silly currentTree ├── resolve-alpn@1.2.1
102 silly currentTree ├── responselike@2.0.0
102 silly currentTree ├── semver@7.3.5
102 silly currentTree ├── strip-json-comments@2.0.1
102 silly currentTree ├── wrappy@1.0.2
102 silly currentTree ├── ws@8.2.3
102 silly currentTree ├── wscat@5.0.0
102 silly currentTree └── yallist@4.0.0
103 silly idealTree Pandemic_Projects
103 silly idealTree ├── @sindresorhus/is@4.2.0
103 silly idealTree ├── @szmarczak/http-timer@4.0.6
103 silly idealTree ├── @types/cacheable-request@6.0.2
103 silly idealTree ├── @types/http-cache-semantics@4.0.1
103 silly idealTree ├── @types/keyv@3.1.3
103 silly idealTree ├── @types/node@16.11.4
103 silly idealTree ├── @types/responselike@1.0.0
103 silly idealTree ├── agent-base@6.0.2
103 silly idealTree ├── bufferutil@4.0.5
103 silly idealTree ├── cacheable-lookup@5.0.4
103 silly idealTree ├── cacheable-request@7.0.2
103 silly idealTree ├── clone-response@1.0.2
103 silly idealTree ├── commander@8.3.0
103 silly idealTree ├── debug@4.3.2
103 silly idealTree ├─┬ decompress-response@6.0.0
103 silly idealTree │ └── mimic-response@3.1.0
103 silly idealTree ├── deep-extend@0.6.0
103 silly idealTree ├── defer-to-connect@2.0.1
103 silly idealTree ├── end-of-stream@1.4.4
103 silly idealTree ├── get-stream@5.2.0
103 silly idealTree ├── got@11.8.2
103 silly idealTree ├── http-cache-semantics@4.1.0
103 silly idealTree ├── http2-wrapper@1.0.3
103 silly idealTree ├── https-proxy-agent@5.0.0
103 silly idealTree ├── ini@1.3.8
103 silly idealTree ├── json-buffer@3.0.1
103 silly idealTree ├── keyv@4.0.3
103 silly idealTree ├── latest-version@6.0.0
103 silly idealTree ├── lowercase-keys@2.0.0
103 silly idealTree ├── lru-cache@6.0.0
103 silly idealTree ├── mimic-response@1.0.1
103 silly idealTree ├── minimist@1.2.5
103 silly idealTree ├── ms@2.1.2
103 silly idealTree ├── mute-stream@0.0.8
103 silly idealTree ├── node-gyp-build@4.3.0
103 silly idealTree ├── normalize-url@6.1.0
103 silly idealTree ├── once@1.4.0
103 silly idealTree ├── p-cancelable@2.1.1
103 silly idealTree ├── package-json@7.0.0
103 silly idealTree ├── pump@3.0.0
103 silly idealTree ├── quick-lru@5.1.1
103 silly idealTree ├── rc@1.2.8
103 silly idealTree ├── read@1.0.7
103 silly idealTree ├── registry-auth-token@4.2.1
103 silly idealTree ├── registry-url@5.1.0
103 silly idealTree ├── resolve-alpn@1.2.1
103 silly idealTree ├── responselike@2.0.0
103 silly idealTree ├── semver@7.3.5
103 silly idealTree ├── strip-json-comments@2.0.1
103 silly idealTree ├── wrappy@1.0.2
103 silly idealTree ├── ws@8.2.3
103 silly idealTree ├── wscat@5.0.0
103 silly idealTree └── yallist@4.0.0
104 silly generateActionsToTake Starting
105 silly install generateActionsToTake
106 silly generateActionsToTake Finishing
107 silly diffTrees action count 2
108 silly diffTrees add node-gyp-build@4.3.0
109 silly diffTrees add bufferutil@4.0.5
110 silly decomposeActions action count 16
111 silly decomposeActions fetch node-gyp-build@4.3.0
112 silly decomposeActions extract node-gyp-build@4.3.0
113 silly decomposeActions test node-gyp-build@4.3.0
114 silly decomposeActions preinstall node-gyp-build@4.3.0
115 silly decomposeActions build node-gyp-build@4.3.0
116 silly decomposeActions install node-gyp-build@4.3.0
117 silly decomposeActions postinstall node-gyp-build@4.3.0
118 silly decomposeActions finalize node-gyp-build@4.3.0
119 silly decomposeActions fetch bufferutil@4.0.5
120 silly decomposeActions extract bufferutil@4.0.5
121 silly decomposeActions test bufferutil@4.0.5
122 silly decomposeActions preinstall bufferutil@4.0.5
123 silly decomposeActions build bufferutil@4.0.5
124 silly decomposeActions install bufferutil@4.0.5
125 silly decomposeActions postinstall bufferutil@4.0.5
126 silly decomposeActions finalize bufferutil@4.0.5
127 silly runTopLevelLifecycles Starting
128 silly executeActions Starting
129 silly install executeActions
130 silly doSerial global-install 0
131 silly doParallel fetch 2
132 verbose correctMkdir /Users/robertgorowsky/.npm/_locks correctMkdir not in flight; initializing
133 verbose lock using /Users/robertgorowsky/.npm/_locks/staging-b00bd240edc21b15.lock for /Users/robertgorowsky/Personal_Projects/Pandemic_Projects/node_modules/.staging
134 silly doParallel extract 2
135 silly extract node-gyp-build@4.3.0
136 silly extract bufferutil@4.0.5
137 verbose unbuild node_modules/.staging/bufferutil-52f2ba7a
138 verbose unbuild node_modules/.staging/node-gyp-build-9f6ce508
139 silly gentlyRm /Users/robertgorowsky/Personal_Projects/Pandemic_Projects/node_modules/.staging/bufferutil-52f2ba7a is being purged from base /Users/robertgorowsky/Personal_Projects/Pandemic_Projects
140 verbose gentlyRm don't care about contents; nuking /Users/robertgorowsky/Personal_Projects/Pandemic_Projects/node_modules/.staging/bufferutil-52f2ba7a
141 silly gentlyRm /Users/robertgorowsky/Personal_Projects/Pandemic_Projects/node_modules/.staging/node-gyp-build-9f6ce508 is being purged from base /Users/robertgorowsky/Personal_Projects/Pandemic_Projects
142 verbose gentlyRm don't care about contents; nuking /Users/robertgorowsky/Personal_Projects/Pandemic_Projects/node_modules/.staging/node-gyp-build-9f6ce508
143 verbose tar unpack /Users/robertgorowsky/.npm/bufferutil/4.0.5/package.tgz
144 verbose tar unpacking to /Users/robertgorowsky/Personal_Projects/Pandemic_Projects/node_modules/.staging/bufferutil-52f2ba7a
145 silly gentlyRm /Users/robertgorowsky/Personal_Projects/Pandemic_Projects/node_modules/.staging/bufferutil-52f2ba7a is being purged
146 verbose gentlyRm don't care about contents; nuking /Users/robertgorowsky/Personal_Projects/Pandemic_Projects/node_modules/.staging/bufferutil-52f2ba7a
147 verbose tar unpack /Users/robertgorowsky/.npm/node-gyp-build/4.3.0/package.tgz
148 verbose tar unpacking to /Users/robertgorowsky/Personal_Projects/Pandemic_Projects/node_modules/.staging/node-gyp-build-9f6ce508
149 silly gentlyRm /Users/robertgorowsky/Personal_Projects/Pandemic_Projects/node_modules/.staging/node-gyp-build-9f6ce508 is being purged
150 verbose gentlyRm don't care about contents; nuking /Users/robertgorowsky/Personal_Projects/Pandemic_Projects/node_modules/.staging/node-gyp-build-9f6ce508
151 silly gunzTarPerm modes [ '755', '644' ]
152 silly gunzTarPerm modes [ '755', '644' ]
153 silly gunzTarPerm extractEntry LICENSE
154 silly gunzTarPerm extractEntry LICENSE
155 silly gunzTarPerm modified mode [ 'LICENSE', 438, 420 ]
156 silly gunzTarPerm extractEntry src/bufferutil.c
157 silly gunzTarPerm extractEntry binding.gyp
158 silly gunzTarPerm extractEntry bin.js
159 silly gunzTarPerm modified mode [ 'bin.js', 438, 420 ]
160 silly gunzTarPerm extractEntry build-test.js
161 silly gunzTarPerm modified mode [ 'build-test.js', 438, 420 ]
162 silly gunzTarPerm extractEntry fallback.js
163 silly gunzTarPerm extractEntry index.js
164 silly gunzTarPerm extractEntry index.js
165 silly gunzTarPerm modified mode [ 'index.js', 438, 420 ]
166 silly gunzTarPerm extractEntry optional.js
167 silly gunzTarPerm modified mode [ 'optional.js', 438, 420 ]
168 silly gunzTarPerm extractEntry package.json
169 silly gunzTarPerm modified mode [ 'package.json', 438, 420 ]
170 silly gunzTarPerm extractEntry README.md
171 silly gunzTarPerm modified mode [ 'README.md', 438, 420 ]
172 silly gunzTarPerm extractEntry package.json
173 silly gunzTarPerm extractEntry README.md
174 silly gunzTarPerm extractEntry prebuilds/darwin-x64+arm64/node.napi.node
175 silly gunzTarPerm extractEntry prebuilds/linux-x64/node.napi.node
176 silly gunzTarPerm extractEntry prebuilds/win32-ia32/node.napi.node
177 silly gunzTarPerm extractEntry prebuilds/win32-x64/node.napi.node
178 silly gentlyRm /Users/robertgorowsky/Personal_Projects/Pandemic_Projects/node_modules/.staging/node-gyp-build-9f6ce508/node_modules is being purged
179 verbose gentlyRm don't care about contents; nuking /Users/robertgorowsky/Personal_Projects/Pandemic_Projects/node_modules/.staging/node-gyp-build-9f6ce508/node_modules
180 silly gentlyRm /Users/robertgorowsky/Personal_Projects/Pandemic_Projects/node_modules/.staging/bufferutil-52f2ba7a/node_modules is being purged
181 verbose gentlyRm don't care about contents; nuking /Users/robertgorowsky/Personal_Projects/Pandemic_Projects/node_modules/.staging/bufferutil-52f2ba7a/node_modules
182 silly doParallel preinstall 2
183 silly preinstall node-gyp-build@4.3.0 /Users/robertgorowsky/Personal_Projects/Pandemic_Projects/node_modules/.staging/node-gyp-build-9f6ce508
184 info lifecycle node-gyp-build@4.3.0~preinstall: node-gyp-build@4.3.0
185 silly preinstall bufferutil@4.0.5 /Users/robertgorowsky/Personal_Projects/Pandemic_Projects/node_modules/.staging/bufferutil-52f2ba7a
186 info lifecycle bufferutil@4.0.5~preinstall: bufferutil@4.0.5
187 silly lifecycle node-gyp-build@4.3.0~preinstall: no script for preinstall, continuing
188 silly lifecycle bufferutil@4.0.5~preinstall: no script for preinstall, continuing
189 silly doReverseSerial remove 0
190 silly doSerial move 0
191 silly doSerial finalize 2
192 silly finalize /Users/robertgorowsky/Personal_Projects/Pandemic_Projects/node_modules/node-gyp-build
193 silly finalize /Users/robertgorowsky/Personal_Projects/Pandemic_Projects/node_modules/bufferutil
194 silly doSerial build 2
195 silly build node-gyp-build@4.3.0
196 info linkStuff node-gyp-build@4.3.0
197 silly linkStuff node-gyp-build@4.3.0 has /Users/robertgorowsky/Personal_Projects/Pandemic_Projects/node_modules as its parent node_modules
198 verbose linkBins node-gyp-build@4.3.0
199 verbose link bins [ { 'node-gyp-build': 'bin.js',
199 verbose link bins     'node-gyp-build-optional': 'optional.js',
199 verbose link bins     'node-gyp-build-test': 'build-test.js' },
199 verbose link bins   '/Users/robertgorowsky/Personal_Projects/Pandemic_Projects/node_modules/.bin',
199 verbose link bins   false ]
200 verbose linkMans node-gyp-build@4.3.0
201 silly build bufferutil@4.0.5
202 info linkStuff bufferutil@4.0.5
203 silly linkStuff bufferutil@4.0.5 has /Users/robertgorowsky/Personal_Projects/Pandemic_Projects/node_modules as its parent node_modules
204 verbose linkBins bufferutil@4.0.5
205 verbose linkMans bufferutil@4.0.5
206 silly doSerial global-link 0
207 silly doParallel update-linked 0
208 silly doSerial install 2
209 silly install node-gyp-build@4.3.0 /Users/robertgorowsky/Personal_Projects/Pandemic_Projects/node_modules/.staging/node-gyp-build-9f6ce508
210 info lifecycle node-gyp-build@4.3.0~install: node-gyp-build@4.3.0
211 silly lifecycle node-gyp-build@4.3.0~install: no script for install, continuing
212 silly install bufferutil@4.0.5 /Users/robertgorowsky/Personal_Projects/Pandemic_Projects/node_modules/.staging/bufferutil-52f2ba7a
213 info lifecycle bufferutil@4.0.5~install: bufferutil@4.0.5
214 verbose lifecycle bufferutil@4.0.5~install: unsafe-perm in lifecycle true
215 verbose lifecycle bufferutil@4.0.5~install: PATH: /Users/robertgorowsky/.nvm/versions/node/v6.9.2/lib/node_modules/npm/bin/node-gyp-bin:/Users/robertgorowsky/Personal_Projects/Pandemic_Projects/node_modules/bufferutil/node_modules/.bin:/Users/robertgorowsky/Personal_Projects/Pandemic_Projects/node_modules/.bin:/Users/robertgorowsky/.rbenv/shims:/usr/local/opt/openssl@1.1/bin:.bundle/bin:/Users/robertgorowsky/.rbenv/shims:/Users/robertgorowsky/.gem/ruby/2.6.0/bin:/Users/robertgorowsky/.nvm/versions/node/v6.9.2/bin:/usr/local/bin:/usr/bin:/bin:/usr/sbin:/sbin:/Users/robertgorowsky/.rbenv/shims:/usr/local/opt/openssl@1.1/bin:.bundle/bin:/Users/robertgorowsky/.gem/ruby/2.6.0/bin:/Users/robertgorowsky/.nvm/versions/node/v6.9.2/bin
216 verbose lifecycle bufferutil@4.0.5~install: CWD: /Users/robertgorowsky/Personal_Projects/Pandemic_Projects/node_modules/bufferutil
217 silly lifecycle bufferutil@4.0.5~install: Args: [ '-c', 'node-gyp-build' ]
218 silly lifecycle bufferutil@4.0.5~install: Returned: code: 1  signal: null
219 info lifecycle bufferutil@4.0.5~install: Failed to exec install script
220 verbose unlock done using /Users/robertgorowsky/.npm/_locks/staging-b00bd240edc21b15.lock for /Users/robertgorowsky/Personal_Projects/Pandemic_Projects/node_modules/.staging
221 silly rollbackFailedOptional Starting
222 silly rollbackFailedOptional Finishing
223 silly runTopLevelLifecycles Finishing
224 silly install printInstalled
225 warn enoent ENOENT: no such file or directory, open '/Users/robertgorowsky/Personal_Projects/Pandemic_Projects/package.json'
226 verbose enoent ENOENT: no such file or directory, open '/Users/robertgorowsky/Personal_Projects/Pandemic_Projects/package.json'
226 verbose enoent This is most likely not a problem with npm itself
226 verbose enoent and is related to npm not being able to find a file.
227 warn ws@8.2.3 requires a peer of utf-8-validate@^5.0.2 but none was installed.
228 verbose If you need help, you may report this error at:
228 verbose     <https://github.com/npm/npm/issues>
229 warn Pandemic_Projects No description
230 verbose If you need help, you may report this error at:
230 verbose     <https://github.com/npm/npm/issues>
231 warn Pandemic_Projects No repository field.
232 verbose If you need help, you may report this error at:
232 verbose     <https://github.com/npm/npm/issues>
233 warn Pandemic_Projects No README data
234 verbose If you need help, you may report this error at:
234 verbose     <https://github.com/npm/npm/issues>
235 warn Pandemic_Projects No license field.
236 verbose If you need help, you may report this error at:
236 verbose     <https://github.com/npm/npm/issues>
237 verbose stack Error: bufferutil@4.0.5 install: `node-gyp-build`
237 verbose stack Exit status 1
237 verbose stack     at EventEmitter.<anonymous> (/Users/robertgorowsky/.nvm/versions/node/v6.9.2/lib/node_modules/npm/lib/utils/lifecycle.js:255:16)
237 verbose stack     at emitTwo (events.js:106:13)
237 verbose stack     at EventEmitter.emit (events.js:191:7)
237 verbose stack     at ChildProcess.<anonymous> (/Users/robertgorowsky/.nvm/versions/node/v6.9.2/lib/node_modules/npm/lib/utils/spawn.js:40:14)
237 verbose stack     at emitTwo (events.js:106:13)
237 verbose stack     at ChildProcess.emit (events.js:191:7)
237 verbose stack     at maybeClose (internal/child_process.js:877:16)
237 verbose stack     at Process.ChildProcess._handle.onexit (internal/child_process.js:226:5)
238 verbose pkgid bufferutil@4.0.5
239 verbose cwd /Users/robertgorowsky/Personal_Projects/Pandemic_Projects
240 error Darwin 19.6.0
241 error argv "/Users/robertgorowsky/.nvm/versions/node/v6.9.2/bin/node" "/Users/robertgorowsky/.nvm/versions/node/v6.9.2/bin/npm" "install" "bufferutil" "--build-from-resource"
242 error node v6.9.2
243 error npm  v3.10.9
244 error code ELIFECYCLE
245 error bufferutil@4.0.5 install: `node-gyp-build`
245 error Exit status 1
246 error Failed at the bufferutil@4.0.5 install script 'node-gyp-build'.
246 error Make sure you have the latest version of node.js and npm installed.
246 error If you do, this is most likely a problem with the bufferutil package,
246 error not with npm itself.
246 error Tell the author that this fails on your system:
246 error     node-gyp-build
246 error You can get information on how to open an issue for this project with:
246 error     npm bugs bufferutil
246 error Or if that isn't available, you can get their info via:
246 error     npm owner ls bufferutil
246 error There is likely additional logging output above.
247 verbose exit [ 1, true ]
